Performing C SOURCE FILE Test CMAKE_HAVE_LIBC_PTHREAD failed with the following output:
Change Dir: /home/seg/git_catkin_ws/src/asscpp/cscpp/cmake-build-debug/CMakeFiles/CMakeTmp

Run Build Command(s):/usr/bin/make cmTC_9a82a/fast && /usr/bin/make  -f CMakeFiles/cmTC_9a82a.dir/build.make CMakeFiles/cmTC_9a82a.dir/build
make[1]: Entering directory '/home/seg/git_catkin_ws/src/asscpp/cscpp/cmake-build-debug/CMakeFiles/CMakeTmp'
Building C object CMakeFiles/cmTC_9a82a.dir/src.c.o
/usr/lib/ccache/cc -DCMAKE_HAVE_LIBC_PTHREAD   -o CMakeFiles/cmTC_9a82a.dir/src.c.o -c /home/seg/git_catkin_ws/src/asscpp/cscpp/cmake-build-debug/CMakeFiles/CMakeTmp/src.c
Linking C executable cmTC_9a82a
/snap/clion/149/bin/cmake/linux/bin/cmake -E cmake_link_script CMakeFiles/cmTC_9a82a.dir/link.txt --verbose=1
/usr/lib/ccache/cc -rdynamic CMakeFiles/cmTC_9a82a.dir/src.c.o -o cmTC_9a82a 
/usr/bin/ld: CMakeFiles/cmTC_9a82a.dir/src.c.o: in function `main':
src.c:(.text+0x46): undefined reference to `pthread_create'
/usr/bin/ld: src.c:(.text+0x52): undefined reference to `pthread_detach'
/usr/bin/ld: src.c:(.text+0x5e): undefined reference to `pthread_cancel'
/usr/bin/ld: src.c:(.text+0x6f): undefined reference to `pthread_join'
collect2: error: ld returned 1 exit status
make[1]: *** [CMakeFiles/cmTC_9a82a.dir/build.make:106: cmTC_9a82a] Error 1
make[1]: Leaving directory '/home/seg/git_catkin_ws/src/asscpp/cscpp/cmake-build-debug/CMakeFiles/CMakeTmp'
make: *** [Makefile:140: cmTC_9a82a/fast] Error 2


Source file was:
#include <pthread.h>

static void* test_func(void* data)
{
  return data;
}

int main(void)
{
  pthread_t thread;
  pthread_create(&thread, NULL, test_func, NULL);
  pthread_detach(thread);
  pthread_cancel(thread);
  pthread_join(thread, NULL);
  pthread_atfork(NULL, NULL, NULL);
  pthread_exit(NULL);

  return 0;
}

Determining if the function pthread_create exists in the pthreads failed with the following output:
Change Dir: /home/seg/git_catkin_ws/src/asscpp/cscpp/cmake-build-debug/CMakeFiles/CMakeTmp

Run Build Command(s):/usr/bin/make cmTC_90aae/fast && /usr/bin/make  -f CMakeFiles/cmTC_90aae.dir/build.make CMakeFiles/cmTC_90aae.dir/build
make[1]: Entering directory '/home/seg/git_catkin_ws/src/asscpp/cscpp/cmake-build-debug/CMakeFiles/CMakeTmp'
Building C object CMakeFiles/cmTC_90aae.dir/CheckFunctionExists.c.o
/usr/lib/ccache/cc   -DCHECK_FUNCTION_EXISTS=pthread_create -o CMakeFiles/cmTC_90aae.dir/CheckFunctionExists.c.o -c /snap/clion/149/bin/cmake/linux/share/cmake-3.19/Modules/CheckFunctionExists.c
Linking C executable cmTC_90aae
/snap/clion/149/bin/cmake/linux/bin/cmake -E cmake_link_script CMakeFiles/cmTC_90aae.dir/link.txt --verbose=1
/usr/lib/ccache/cc  -DCHECK_FUNCTION_EXISTS=pthread_create -rdynamic CMakeFiles/cmTC_90aae.dir/CheckFunctionExists.c.o -o cmTC_90aae  -lpthreads 
/usr/bin/ld: cannot find -lpthreads
collect2: error: ld returned 1 exit status
make[1]: *** [CMakeFiles/cmTC_90aae.dir/build.make:106: cmTC_90aae] Error 1
make[1]: Leaving directory '/home/seg/git_catkin_ws/src/asscpp/cscpp/cmake-build-debug/CMakeFiles/CMakeTmp'
make: *** [Makefile:140: cmTC_90aae/fast] Error 2



